[2012Nov23 15:43:33,719][INFO ][][configurarLogger BSSIntLogger.java:67][APLICACION: RSPrepagoReport - VERSION: 1.0]
[2012Nov23 15:43:33,762][INFO ][][configurarLogger BSSIntLogger.java:69][DESCRIPCION: Servicios de Integracion - Recarga de Saldo Prepago - Reporte]
[2012Nov23 15:43:33,820][INFO ][][init MailController.java:116][---disponibleRecargasOpcion= False]
[2012Nov23 15:43:33,926][INFO ][][init MailController.java:205][Se Cargaron todos los datos de ConfiProperties]
[2012Nov23 15:43:33,931][INFO ][][execute MailController.java:217][Inicio de generacion de reporte de Recargas Web]
[2012Nov23 15:43:54,500][INFO ][][execute DBListReportDelegator.java:108][Delegator DBListReportDelegator executado con exito]
[2012Nov23 15:43:55,591][INFO ][][execute DBReportDelegator.java:97][Delegator DBReportDelegator executado con exito]
[2012Nov23 15:43:55,973][INFO ][][execute DBListReportDelegator.java:108][Delegator DBListReportDelegator executado con exito]
[2012Nov23 15:43:55,988][INFO ][][execute MailController.java:221][ReporteVO creado con exito, se procedera a crear el text/html]
[2012Nov23 15:58:11,574][INFO ][][configurarLogger BSSIntLogger.java:67][APLICACION: RSPrepagoReport - VERSION: 1.0]
[2012Nov23 15:58:11,601][INFO ][][configurarLogger BSSIntLogger.java:69][DESCRIPCION: Servicios de Integracion - Recarga de Saldo Prepago - Reporte]
[2012Nov23 15:58:11,743][INFO ][][execute MailController.java:247][Inicio de generacion de reporte de Recargas Web]
[2012Nov23 15:58:23,368][INFO ][][execute DBListReportDelegator.java:128][Delegator DBListReportDelegator executado con exito]
[2012Nov23 15:58:24,806][INFO ][][execute DBReportDelegator.java:117][Delegator DBReportDelegator executado con exito]
[2012Nov23 15:58:25,211][INFO ][][execute DBListReportDelegator.java:128][Delegator DBListReportDelegator executado con exito]
[2012Nov23 15:58:25,223][INFO ][][execute MailController.java:251][ReporteVO creado con exito, se procedera a crear el text/html]
[2012Nov23 15:58:25,586][INFO ][][execute DBReportDelegator.java:117][Delegator DBReportDelegator executado con exito]
[2012Nov23 15:58:25,848][INFO ][][execute DBReportDelegator.java:117][Delegator DBReportDelegator executado con exito]
[2012Nov23 15:58:26,068][INFO ][][execute DBReportDelegator.java:117][Delegator DBReportDelegator executado con exito]
[2012Nov23 15:58:26,274][INFO ][][execute DBReportDelegator.java:117][Delegator DBReportDelegator executado con exito]
[2012Nov23 15:58:26,485][INFO ][][execute DBReportDelegator.java:167][Delegator DBReportDelegator executado con exito]
[2012Nov23 15:58:26,661][INFO ][][execute DBReportDelegator.java:167][Delegator DBReportDelegator executado con exito]
[2012Nov23 15:58:26,783][INFO ][][execute DBReportDelegator.java:167][Delegator DBReportDelegator executado con exito]
[2012Nov23 15:58:26,892][INFO ][][execute DBReportDelegator.java:167][Delegator DBReportDelegator executado con exito]
[2012Nov23 15:58:27,015][INFO ][][execute DBReportDelegator.java:167][Delegator DBReportDelegator executado con exito]
[2012Nov23 15:58:27,168][INFO ][][execute DBReportDelegator.java:167][Delegator DBReportDelegator executado con exito]
[2012Nov23 15:58:27,276][INFO ][][execute DBReportDelegator.java:167][Delegator DBReportDelegator executado con exito]
[2012Nov23 15:58:27,403][INFO ][][execute DBReportDelegator.java:167][Delegator DBReportDelegator executado con exito]
[2012Nov23 15:58:27,629][INFO ][][execute DBReportDelegator.java:167][Delegator DBReportDelegator executado con exito]
[2012Nov23 15:58:27,759][INFO ][][execute DBReportDelegator.java:167][Delegator DBReportDelegator executado con exito]
[2012Nov23 15:58:27,891][INFO ][][execute DBReportDelegator.java:167][Delegator DBReportDelegator executado con exito]
[2012Nov23 15:58:28,010][INFO ][][execute DBReportDelegator.java:167][Delegator DBReportDelegator executado con exito]
[2012Nov23 15:58:28,171][INFO ][][execute DBReportDelegator.java:167][Delegator DBReportDelegator executado con exito]
[2012Nov23 15:58:28,355][INFO ][][execute DBReportDelegator.java:167][Delegator DBReportDelegator executado con exito]
[2012Nov23 15:58:28,511][INFO ][][execute DBReportDelegator.java:167][Delegator DBReportDelegator executado con exito]
[2012Nov23 15:58:29,738][INFO ][][execute DBReportDelegator.java:117][Delegator DBReportDelegator executado con exito]
[2012Nov23 15:58:29,858][INFO ][][execute DBReportDelegator.java:117][Delegator DBReportDelegator executado con exito]
[2012Nov23 15:58:30,038][INFO ][][execute DBListMontoReportDelegator.java:189][Delegator DBListReportDelegator executado con exito]
[2012Nov23 15:58:30,169][INFO ][][execute DBReportDelegator.java:167][Delegator DBReportDelegator executado con exito]
[2012Nov23 15:58:30,298][INFO ][][execute DBReportDelegator.java:167][Delegator DBReportDelegator executado con exito]
[2012Nov23 15:58:30,414][INFO ][][execute DBReportDelegator.java:167][Delegator DBReportDelegator executado con exito]
[2012Nov23 15:58:30,518][INFO ][][execute DBReportDelegator.java:117][Delegator DBReportDelegator executado con exito]
[2012Nov23 15:58:30,622][INFO ][][execute DBReportDelegator.java:117][Delegator DBReportDelegator executado con exito]
[2012Nov23 15:58:30,746][INFO ][][execute DBListMontoReportDelegator.java:189][Delegator DBListReportDelegator executado con exito]
[2012Nov23 15:58:30,846][INFO ][][execute DBReportDelegator.java:167][Delegator DBReportDelegator executado con exito]
[2012Nov23 15:58:30,973][INFO ][][execute DBListReportDelegator.java:185][Delegator DBListReportDelegator executado con exito]
[2012Nov23 15:58:31,093][INFO ][][execute DBReportDelegator.java:167][Delegator DBReportDelegator executado con exito]
[2012Nov23 15:58:31,203][INFO ][][execute DBListReportDelegator.java:185][Delegator DBListReportDelegator executado con exito]
[2012Nov23 15:58:31,303][INFO ][][execute DBReportDelegator.java:167][Delegator DBReportDelegator executado con exito]
[2012Nov23 15:58:31,429][INFO ][][execute DBListReportDelegator.java:185][Delegator DBListReportDelegator executado con exito]
[2012Nov23 15:58:31,526][INFO ][][execute DBReportDelegator.java:167][Delegator DBReportDelegator executado con exito]
[2012Nov23 15:58:31,634][INFO ][][execute DBListReportDelegator.java:185][Delegator DBListReportDelegator executado con exito]
[2012Nov23 15:58:31,823][INFO ][][execute DBReportDelegator.java:167][Delegator DBReportDelegator executado con exito]
[2012Nov23 15:58:31,978][INFO ][][execute DBReportDelegator.java:167][Delegator DBReportDelegator executado con exito]
[2012Nov23 15:58:32,088][INFO ][][execute DBReportDelegator.java:167][Delegator DBReportDelegator executado con exito]
[2012Nov23 15:58:32,192][INFO ][][execute DBReportDelegator.java:167][Delegator DBReportDelegator executado con exito]
[2012Nov23 15:58:32,299][INFO ][][execute DBReportDelegator.java:167][Delegator DBReportDelegator executado con exito]
[2012Nov23 15:58:32,407][INFO ][][execute DBReportDelegator.java:167][Delegator DBReportDelegator executado con exito]
[2012Nov23 15:58:32,520][INFO ][][execute DBReportDelegator.java:167][Delegator DBReportDelegator executado con exito]
[2012Nov23 15:58:32,630][INFO ][][execute DBReportDelegator.java:167][Delegator DBReportDelegator executado con exito]
[2012Nov23 15:58:32,643][INFO ][][execute MailController.java:255][Correo construido con exito en formato html]
[2012Nov23 15:58:33,362][INFO ][][execute MailController.java:260][Email enviado con exito]
