[2012Nov27 10:50:03,829][INFO ][][configurarLogger BSSIntLogger.java:67][APLICACION: RSPrepagoReport - VERSION: 1.0]
[2012Nov27 10:50:03,862][INFO ][][configurarLogger BSSIntLogger.java:69][DESCRIPCION: Servicios de Integracion - Recarga de Saldo Prepago - Reporte]
[2012Nov27 10:50:03,915][INFO ][][init MailController.java:116][---disponibleRecargasOpcion= False]
[2012Nov27 10:50:03,987][INFO ][][init MailController.java:205][Se Cargaron todos los datos de ConfiProperties]
[2012Nov27 10:50:03,989][INFO ][][execute MailController.java:217][Inicio de generacion de reporte de Recargas Web]
[2012Nov27 10:50:23,595][INFO ][][execute DBListReportDelegator.java:108][Delegator DBListReportDelegator executado con exito]
[2012Nov27 10:50:25,949][INFO ][][execute DBReportDelegator.java:97][Delegator DBReportDelegator executado con exito]
[2012Nov27 10:50:28,245][INFO ][][execute DBListReportDelegator.java:108][Delegator DBListReportDelegator executado con exito]
[2012Nov27 10:50:28,250][INFO ][][execute MailController.java:221][ReporteVO creado con exito, se procedera a crear el text/html]
[2012Nov27 10:50:30,741][INFO ][][execute DBReportDelegator.java:97][Delegator DBReportDelegator executado con exito]
[2012Nov27 10:50:31,017][INFO ][][execute DBReportDelegator.java:97][Delegator DBReportDelegator executado con exito]
[2012Nov27 10:50:33,189][INFO ][][execute DBReportDelegator.java:97][Delegator DBReportDelegator executado con exito]
[2012Nov27 10:50:33,454][INFO ][][execute DBReportDelegator.java:97][Delegator DBReportDelegator executado con exito]
[2012Nov27 10:50:35,627][INFO ][][execute DBReportDelegator.java:97][Delegator DBReportDelegator executado con exito]
[2012Nov27 10:50:35,881][INFO ][][execute DBReportDelegator.java:97][Delegator DBReportDelegator executado con exito]
[2012Nov27 10:50:37,780][INFO ][][execute DBReportDelegator.java:142][Delegator DBReportDelegator executado con exito]
[2012Nov27 10:50:37,956][INFO ][][execute DBReportDelegator.java:142][Delegator DBReportDelegator executado con exito]
[2012Nov27 10:50:38,390][INFO ][][execute DBReportDelegator.java:142][Delegator DBReportDelegator executado con exito]
[2012Nov27 10:50:38,517][INFO ][][execute DBReportDelegator.java:142][Delegator DBReportDelegator executado con exito]
[2012Nov27 10:50:40,381][INFO ][][execute DBReportDelegator.java:142][Delegator DBReportDelegator executado con exito]
[2012Nov27 10:50:42,162][INFO ][][execute DBReportDelegator.java:142][Delegator DBReportDelegator executado con exito]
[2012Nov27 10:50:42,480][INFO ][][execute DBReportDelegator.java:142][Delegator DBReportDelegator executado con exito]
[2012Nov27 10:50:42,638][INFO ][][execute DBReportDelegator.java:142][Delegator DBReportDelegator executado con exito]
[2012Nov27 10:50:42,643][INFO ][][porcentaje MailController.java:729][------  Parámetros de entrada al método porcentaje; parte: 19395.0; total:23584.0]
[2012Nov27 10:50:42,644][INFO ][][porcentaje MailController.java:734][------  Cálculo total de la formula  parte * 100 / total:82.23795793758481]
[2012Nov27 10:50:42,658][INFO ][][porcentaje MailController.java:729][------  Parámetros de entrada al método porcentaje; parte: 9208.0; total:11395.0]
[2012Nov27 10:50:42,659][INFO ][][porcentaje MailController.java:734][------  Cálculo total de la formula  parte * 100 / total:80.80737165423432]
[2012Nov27 10:50:42,660][INFO ][][porcentaje MailController.java:729][------  Parámetros de entrada al método porcentaje; parte: 19395.0; total:23584.0]
[2012Nov27 10:50:42,661][INFO ][][porcentaje MailController.java:734][------  Cálculo total de la formula  parte * 100 / total:82.23795793758481]
[2012Nov27 10:50:42,662][INFO ][][porcentaje MailController.java:729][------  Parámetros de entrada al método porcentaje; parte: 18541.0; total:19395.0]
[2012Nov27 10:50:42,663][INFO ][][porcentaje MailController.java:734][------  Cálculo total de la formula  parte * 100 / total:95.59680329981956]
[2012Nov27 10:50:42,664][INFO ][][porcentaje MailController.java:729][------  Parámetros de entrada al método porcentaje; parte: 854.0; total:19395.0]
[2012Nov27 10:50:42,665][INFO ][][porcentaje MailController.java:734][------  Cálculo total de la formula  parte * 100 / total:4.403196700180459]
[2012Nov27 10:50:43,066][INFO ][][execute DBReportDelegator.java:142][Delegator DBReportDelegator executado con exito]
[2012Nov27 10:50:43,524][INFO ][][execute DBReportDelegator.java:142][Delegator DBReportDelegator executado con exito]
[2012Nov27 10:50:43,657][INFO ][][execute DBReportDelegator.java:142][Delegator DBReportDelegator executado con exito]
[2012Nov27 10:50:43,842][INFO ][][execute DBReportDelegator.java:142][Delegator DBReportDelegator executado con exito]
[2012Nov27 10:50:43,850][INFO ][][porcentaje MailController.java:729][------  Parámetros de entrada al método porcentaje; parte: 4189.0; total:23584.0]
[2012Nov27 10:50:43,851][INFO ][][porcentaje MailController.java:734][------  Cálculo total de la formula  parte * 100 / total:17.762042062415198]
[2012Nov27 10:50:43,852][INFO ][][porcentaje MailController.java:729][------  Parámetros de entrada al método porcentaje; parte: 2187.0; total:11395.0]
[2012Nov27 10:50:43,853][INFO ][][porcentaje MailController.java:734][------  Cálculo total de la formula  parte * 100 / total:19.192628345765687]
[2012Nov27 10:50:43,854][INFO ][][porcentaje MailController.java:729][------  Parámetros de entrada al método porcentaje; parte: 4189.0; total:23584.0]
[2012Nov27 10:50:43,855][INFO ][][porcentaje MailController.java:734][------  Cálculo total de la formula  parte * 100 / total:17.762042062415198]
[2012Nov27 10:50:43,856][INFO ][][porcentaje MailController.java:729][------  Parámetros de entrada al método porcentaje; parte: 3559.0; total:4189.0]
[2012Nov27 10:50:43,857][INFO ][][porcentaje MailController.java:734][------  Cálculo total de la formula  parte * 100 / total:84.96061112437336]
[2012Nov27 10:50:43,859][INFO ][][porcentaje MailController.java:729][------  Parámetros de entrada al método porcentaje; parte: 630.0; total:4189.0]
[2012Nov27 10:50:43,860][INFO ][][porcentaje MailController.java:734][------  Cálculo total de la formula  parte * 100 / total:15.039388875626642]
[2012Nov27 10:50:45,635][INFO ][][execute DBReportDelegator.java:142][Delegator DBReportDelegator executado con exito]
[2012Nov27 10:50:47,399][INFO ][][execute DBReportDelegator.java:142][Delegator DBReportDelegator executado con exito]
[2012Nov27 10:50:49,284][INFO ][][execute DBReportDelegator.java:142][Delegator DBReportDelegator executado con exito]
[2012Nov27 10:50:51,634][INFO ][][execute DBReportDelegator.java:97][Delegator DBReportDelegator executado con exito]
[2012Nov27 10:50:51,638][INFO ][][porcentaje MailController.java:729][------  Parámetros de entrada al método porcentaje; parte: 973885.0; total:1157590.0]
[2012Nov27 10:50:51,639][INFO ][][porcentaje MailController.java:734][------  Cálculo total de la formula  parte * 100 / total:84.13039158942286]
[2012Nov27 10:50:53,705][INFO ][][execute DBReportDelegator.java:97][Delegator DBReportDelegator executado con exito]
[2012Nov27 10:50:53,710][INFO ][][porcentaje MailController.java:729][------  Parámetros de entrada al método porcentaje; parte: 973885.0; total:1157590.0]
[2012Nov27 10:50:53,711][INFO ][][porcentaje MailController.java:734][------  Cálculo total de la formula  parte * 100 / total:84.13039158942286]
[2012Nov27 10:50:55,534][INFO ][][execute DBListMontoReportDelegator.java:164][Delegator DBListReportDelegator executado con exito]
[2012Nov27 10:50:55,540][INFO ][][porcentaje MailController.java:729][------  Parámetros de entrada al método porcentaje; parte: 495.0; total:973885.0]
[2012Nov27 10:50:55,541][INFO ][][porcentaje MailController.java:734][------  Cálculo total de la formula  parte * 100 / total:0.05082735641271814]
[2012Nov27 10:50:55,543][INFO ][][porcentaje MailController.java:729][------  Parámetros de entrada al método porcentaje; parte: 118320.0; total:973885.0]
[2012Nov27 10:50:55,544][INFO ][][porcentaje MailController.java:734][------  Cálculo total de la formula  parte * 100 / total:12.149278405561232]
[2012Nov27 10:50:55,545][INFO ][][porcentaje MailController.java:729][------  Parámetros de entrada al método porcentaje; parte: 97260.0; total:973885.0]
[2012Nov27 10:50:55,546][INFO ][][porcentaje MailController.java:734][------  Cálculo total de la formula  parte * 100 / total:9.986805423638314]
[2012Nov27 10:50:55,548][INFO ][][porcentaje MailController.java:729][------  Parámetros de entrada al método porcentaje; parte: 164550.0; total:973885.0]
[2012Nov27 10:50:55,548][INFO ][][porcentaje MailController.java:734][------  Cálculo total de la formula  parte * 100 / total:16.896245449924784]
[2012Nov27 10:50:55,550][INFO ][][porcentaje MailController.java:729][------  Parámetros de entrada al método porcentaje; parte: 589600.0; total:973885.0]
[2012Nov27 10:50:55,551][INFO ][][porcentaje MailController.java:734][------  Cálculo total de la formula  parte * 100 / total:60.54102897159316]
[2012Nov27 10:50:55,552][INFO ][][porcentaje MailController.java:729][------  Parámetros de entrada al método porcentaje; parte: 2460.0; total:973885.0]
[2012Nov27 10:50:55,553][INFO ][][porcentaje MailController.java:734][------  Cálculo total de la formula  parte * 100 / total:0.25259655914199314]
[2012Nov27 10:50:55,554][INFO ][][porcentaje MailController.java:729][------  Parámetros de entrada al método porcentaje; parte: 1200.0; total:973885.0]
[2012Nov27 10:50:55,555][INFO ][][porcentaje MailController.java:734][------  Cálculo total de la formula  parte * 100 / total:0.12321783372780154]
[2012Nov27 10:50:55,946][INFO ][][execute DBReportDelegator.java:142][Delegator DBReportDelegator executado con exito]
[2012Nov27 10:50:56,363][INFO ][][execute DBReportDelegator.java:142][Delegator DBReportDelegator executado con exito]
[2012Nov27 10:50:56,777][INFO ][][execute DBReportDelegator.java:142][Delegator DBReportDelegator executado con exito]
[2012Nov27 10:50:59,724][INFO ][][execute DBReportDelegator.java:97][Delegator DBReportDelegator executado con exito]
[2012Nov27 10:50:59,729][INFO ][][porcentaje MailController.java:729][------  Parámetros de entrada al método porcentaje; parte: 183705.0; total:1157590.0]
[2012Nov27 10:50:59,730][INFO ][][porcentaje MailController.java:734][------  Cálculo total de la formula  parte * 100 / total:15.869608410577149]
[2012Nov27 10:51:03,106][INFO ][][execute DBReportDelegator.java:97][Delegator DBReportDelegator executado con exito]
[2012Nov27 10:51:03,110][INFO ][][porcentaje MailController.java:729][------  Parámetros de entrada al método porcentaje; parte: 183705.0; total:1157590.0]
[2012Nov27 10:51:03,111][INFO ][][porcentaje MailController.java:734][------  Cálculo total de la formula  parte * 100 / total:15.869608410577149]
[2012Nov27 10:51:03,574][INFO ][][execute DBListMontoReportDelegator.java:164][Delegator DBListReportDelegator executado con exito]
[2012Nov27 10:51:03,578][INFO ][][porcentaje MailController.java:729][------  Parámetros de entrada al método porcentaje; parte: 45.0; total:183705.0]
[2012Nov27 10:51:03,579][INFO ][][porcentaje MailController.java:734][------  Cálculo total de la formula  parte * 100 / total:0.024495794888544132]
[2012Nov27 10:51:03,581][INFO ][][porcentaje MailController.java:729][------  Parámetros de entrada al método porcentaje; parte: 21380.0; total:183705.0]
[2012Nov27 10:51:03,582][INFO ][][porcentaje MailController.java:734][------  Cálculo total de la formula  parte * 100 / total:11.63822432704608]
[2012Nov27 10:51:03,583][INFO ][][porcentaje MailController.java:729][------  Parámetros de entrada al método porcentaje; parte: 20130.0; total:183705.0]
[2012Nov27 10:51:03,584][INFO ][][porcentaje MailController.java:734][------  Cálculo total de la formula  parte * 100 / total:10.957785580142076]
[2012Nov27 10:51:03,585][INFO ][][porcentaje MailController.java:729][------  Parámetros de entrada al método porcentaje; parte: 31650.0; total:183705.0]
[2012Nov27 10:51:03,586][INFO ][][porcentaje MailController.java:734][------  Cálculo total de la formula  parte * 100 / total:17.228709071609373]
[2012Nov27 10:51:03,587][INFO ][][porcentaje MailController.java:729][------  Parámetros de entrada al método porcentaje; parte: 108300.0; total:183705.0]
[2012Nov27 10:51:03,588][INFO ][][porcentaje MailController.java:734][------  Cálculo total de la formula  parte * 100 / total:58.95321303176288]
[2012Nov27 10:51:03,590][INFO ][][porcentaje MailController.java:729][------  Parámetros de entrada al método porcentaje; parte: 1600.0; total:183705.0]
[2012Nov27 10:51:03,590][INFO ][][porcentaje MailController.java:734][------  Cálculo total de la formula  parte * 100 / total:0.8709615960371248]
[2012Nov27 10:51:03,592][INFO ][][porcentaje MailController.java:729][------  Parámetros de entrada al método porcentaje; parte: 600.0; total:183705.0]
[2012Nov27 10:51:03,593][INFO ][][porcentaje MailController.java:734][------  Cálculo total de la formula  parte * 100 / total:0.32661059851392177]
[2012Nov27 10:51:05,324][INFO ][][execute DBReportDelegator.java:142][Delegator DBReportDelegator executado con exito]
[2012Nov27 10:51:05,329][INFO ][][porcentaje MailController.java:729][------  Parámetros de entrada al método porcentaje; parte: 18541.0; total:22100.0]
[2012Nov27 10:51:05,330][INFO ][][porcentaje MailController.java:734][------  Cálculo total de la formula  parte * 100 / total:83.89592760180996]
[2012Nov27 10:51:05,331][INFO ][][porcentaje MailController.java:729][------  Parámetros de entrada al método porcentaje; parte: 18541.0; total:22100.0]
[2012Nov27 10:51:05,332][INFO ][][porcentaje MailController.java:734][------  Cálculo total de la formula  parte * 100 / total:83.89592760180996]
[2012Nov27 10:51:07,862][INFO ][][execute DBListReportDelegator.java:160][Delegator DBListReportDelegator executado con exito]
[2012Nov27 10:51:07,866][INFO ][][porcentaje MailController.java:729][------  Parámetros de entrada al método porcentaje; parte: 21.0; total:18541.0]
[2012Nov27 10:51:07,867][INFO ][][porcentaje MailController.java:734][------  Cálculo total de la formula  parte * 100 / total:0.11326249932581846]
[2012Nov27 10:51:07,868][INFO ][][porcentaje MailController.java:729][------  Parámetros de entrada al método porcentaje; parte: 17.0; total:18541.0]
[2012Nov27 10:51:07,869][INFO ][][porcentaje MailController.java:734][------  Cálculo total de la formula  parte * 100 / total:0.09168868993042446]
[2012Nov27 10:51:07,871][INFO ][][porcentaje MailController.java:729][------  Parámetros de entrada al método porcentaje; parte: 1229.0; total:18541.0]
[2012Nov27 10:51:07,872][INFO ][][porcentaje MailController.java:734][------  Cálculo total de la formula  parte * 100 / total:6.628552936734804]
[2012Nov27 10:51:07,873][INFO ][][porcentaje MailController.java:729][------  Parámetros de entrada al método porcentaje; parte: 17274.0; total:18541.0]
[2012Nov27 10:51:07,874][INFO ][][porcentaje MailController.java:734][------  Cálculo total de la formula  parte * 100 / total:93.16649587400896]
[2012Nov27 10:51:08,297][INFO ][][execute DBReportDelegator.java:142][Delegator DBReportDelegator executado con exito]
[2012Nov27 10:51:08,301][INFO ][][porcentaje MailController.java:729][------  Parámetros de entrada al método porcentaje; parte: 3559.0; total:22100.0]
[2012Nov27 10:51:08,302][INFO ][][porcentaje MailController.java:734][------  Cálculo total de la formula  parte * 100 / total:16.104072398190045]
[2012Nov27 10:51:08,303][INFO ][][porcentaje MailController.java:729][------  Parámetros de entrada al método porcentaje; parte: 3559.0; total:22100.0]
[2012Nov27 10:51:08,304][INFO ][][porcentaje MailController.java:734][------  Cálculo total de la formula  parte * 100 / total:16.104072398190045]
[2012Nov27 10:51:08,721][INFO ][][execute DBListReportDelegator.java:160][Delegator DBListReportDelegator executado con exito]
[2012Nov27 10:51:08,725][INFO ][][porcentaje MailController.java:729][------  Parámetros de entrada al método porcentaje; parte: 16.0; total:3559.0]
[2012Nov27 10:51:08,726][INFO ][][porcentaje MailController.java:734][------  Cálculo total de la formula  parte * 100 / total:0.4495644844057319]
[2012Nov27 10:51:08,728][INFO ][][porcentaje MailController.java:729][------  Parámetros de entrada al método porcentaje; parte: 9.0; total:3559.0]
[2012Nov27 10:51:08,729][INFO ][][porcentaje MailController.java:734][------  Cálculo total de la formula  parte * 100 / total:0.2528800224782242]
[2012Nov27 10:51:08,730][INFO ][][porcentaje MailController.java:729][------  Parámetros de entrada al método porcentaje; parte: 401.0; total:3559.0]
[2012Nov27 10:51:08,731][INFO ][][porcentaje MailController.java:734][------  Cálculo total de la formula  parte * 100 / total:11.267209890418657]
[2012Nov27 10:51:08,732][INFO ][][porcentaje MailController.java:729][------  Parámetros de entrada al método porcentaje; parte: 3133.0; total:3559.0]
[2012Nov27 10:51:08,733][INFO ][][porcentaje MailController.java:734][------  Cálculo total de la formula  parte * 100 / total:88.03034560269738]
[2012Nov27 10:51:08,905][INFO ][][execute DBReportDelegator.java:142][Delegator DBReportDelegator executado con exito]
[2012Nov27 10:51:08,910][INFO ][][porcentaje MailController.java:729][------  Parámetros de entrada al método porcentaje; parte: 854.0; total:1484.0]
[2012Nov27 10:51:08,912][INFO ][][porcentaje MailController.java:734][------  Cálculo total de la formula  parte * 100 / total:57.54716981132076]
[2012Nov27 10:51:08,913][INFO ][][porcentaje MailController.java:729][------  Parámetros de entrada al método porcentaje; parte: 854.0; total:1484.0]
[2012Nov27 10:51:08,914][INFO ][][porcentaje MailController.java:734][------  Cálculo total de la formula  parte * 100 / total:57.54716981132076]
[2012Nov27 10:51:09,103][INFO ][][execute DBListReportDelegator.java:160][Delegator DBListReportDelegator executado con exito]
[2012Nov27 10:51:09,108][INFO ][][porcentaje MailController.java:729][------  Parámetros de entrada al método porcentaje; parte: 2.0; total:854.0]
[2012Nov27 10:51:09,110][INFO ][][porcentaje MailController.java:734][------  Cálculo total de la formula  parte * 100 / total:0.234192037470726]
[2012Nov27 10:51:09,111][INFO ][][porcentaje MailController.java:729][------  Parámetros de entrada al método porcentaje; parte: 811.0; total:854.0]
[2012Nov27 10:51:09,113][INFO ][][porcentaje MailController.java:734][------  Cálculo total de la formula  parte * 100 / total:94.96487119437937]
[2012Nov27 10:51:09,114][INFO ][][porcentaje MailController.java:729][------  Parámetros de entrada al método porcentaje; parte: 41.0; total:854.0]
[2012Nov27 10:51:09,115][INFO ][][porcentaje MailController.java:734][------  Cálculo total de la formula  parte * 100 / total:4.8009367681498825]
[2012Nov27 10:51:09,249][INFO ][][execute DBReportDelegator.java:142][Delegator DBReportDelegator executado con exito]
[2012Nov27 10:51:09,254][INFO ][][porcentaje MailController.java:729][------  Parámetros de entrada al método porcentaje; parte: 630.0; total:1484.0]
[2012Nov27 10:51:09,255][INFO ][][porcentaje MailController.java:734][------  Cálculo total de la formula  parte * 100 / total:42.45283018867924]
[2012Nov27 10:51:09,256][INFO ][][porcentaje MailController.java:729][------  Parámetros de entrada al método porcentaje; parte: 630.0; total:1484.0]
[2012Nov27 10:51:09,257][INFO ][][porcentaje MailController.java:734][------  Cálculo total de la formula  parte * 100 / total:42.45283018867924]
[2012Nov27 10:51:09,400][INFO ][][execute DBListReportDelegator.java:160][Delegator DBListReportDelegator executado con exito]
[2012Nov27 10:51:09,405][INFO ][][porcentaje MailController.java:729][------  Parámetros de entrada al método porcentaje; parte: 159.0; total:630.0]
[2012Nov27 10:51:09,406][INFO ][][porcentaje MailController.java:734][------  Cálculo total de la formula  parte * 100 / total:25.238095238095237]
[2012Nov27 10:51:09,407][INFO ][][porcentaje MailController.java:729][------  Parámetros de entrada al método porcentaje; parte: 278.0; total:630.0]
[2012Nov27 10:51:09,408][INFO ][][porcentaje MailController.java:734][------  Cálculo total de la formula  parte * 100 / total:44.12698412698413]
[2012Nov27 10:51:09,409][INFO ][][porcentaje MailController.java:729][------  Parámetros de entrada al método porcentaje; parte: 51.0; total:630.0]
[2012Nov27 10:51:09,410][INFO ][][porcentaje MailController.java:734][------  Cálculo total de la formula  parte * 100 / total:8.095238095238095]
[2012Nov27 10:51:09,411][INFO ][][porcentaje MailController.java:729][------  Parámetros de entrada al método porcentaje; parte: 142.0; total:630.0]
[2012Nov27 10:51:09,412][INFO ][][porcentaje MailController.java:734][------  Cálculo total de la formula  parte * 100 / total:22.53968253968254]
[2012Nov27 10:51:09,414][INFO ][][buildBody MailController.java:506][-----ANTES---if(disponibleRecargasOpcion.equalsIgnoreCase(True))]
[2012Nov27 10:51:09,424][INFO ][][porcentaje MailController.java:729][------  Parámetros de entrada al método porcentaje; parte: 18541.0; total:22100.0]
[2012Nov27 10:51:09,425][INFO ][][porcentaje MailController.java:734][------  Cálculo total de la formula  parte * 100 / total:83.89592760180996]
[2012Nov27 10:51:09,426][INFO ][][porcentaje MailController.java:729][------  Parámetros de entrada al método porcentaje; parte: 18541.0; total:22100.0]
[2012Nov27 10:51:09,427][INFO ][][porcentaje MailController.java:734][------  Cálculo total de la formula  parte * 100 / total:83.89592760180996]
[2012Nov27 10:51:09,428][INFO ][][porcentaje MailController.java:729][------  Parámetros de entrada al método porcentaje; parte: 3559.0; total:22100.0]
[2012Nov27 10:51:09,429][INFO ][][porcentaje MailController.java:734][------  Cálculo total de la formula  parte * 100 / total:16.104072398190045]
[2012Nov27 10:51:09,430][INFO ][][porcentaje MailController.java:729][------  Parámetros de entrada al método porcentaje; parte: 3559.0; total:22100.0]
[2012Nov27 10:51:09,431][INFO ][][porcentaje MailController.java:734][------  Cálculo total de la formula  parte * 100 / total:16.104072398190045]
[2012Nov27 10:51:11,363][INFO ][][execute DBReportDelegator.java:142][Delegator DBReportDelegator executado con exito]
[2012Nov27 10:51:11,537][INFO ][][execute DBReportDelegator.java:142][Delegator DBReportDelegator executado con exito]
[2012Nov27 10:51:11,946][INFO ][][execute DBReportDelegator.java:142][Delegator DBReportDelegator executado con exito]
[2012Nov27 10:51:12,084][INFO ][][execute DBReportDelegator.java:142][Delegator DBReportDelegator executado con exito]
[2012Nov27 10:51:13,880][INFO ][][execute DBReportDelegator.java:142][Delegator DBReportDelegator executado con exito]
[2012Nov27 10:51:14,039][INFO ][][execute DBReportDelegator.java:142][Delegator DBReportDelegator executado con exito]
[2012Nov27 10:51:14,044][INFO ][][porcentaje MailController.java:729][------  Parámetros de entrada al método porcentaje; parte: 81.0; total:101.0]
[2012Nov27 10:51:14,045][INFO ][][porcentaje MailController.java:734][------  Cálculo total de la formula  parte * 100 / total:80.1980198019802]
[2012Nov27 10:51:14,046][INFO ][][porcentaje MailController.java:729][------  Parámetros de entrada al método porcentaje; parte: 81.0; total:101.0]
[2012Nov27 10:51:14,047][INFO ][][porcentaje MailController.java:734][------  Cálculo total de la formula  parte * 100 / total:80.1980198019802]
[2012Nov27 10:51:14,048][INFO ][][porcentaje MailController.java:729][------  Parámetros de entrada al método porcentaje; parte: 81.0; total:81.0]
[2012Nov27 10:51:14,049][INFO ][][porcentaje MailController.java:734][------  Cálculo total de la formula  parte * 100 / total:100.0]
[2012Nov27 10:51:14,050][INFO ][][porcentaje MailController.java:729][------  Parámetros de entrada al método porcentaje; parte: 0.0; total:81.0]
[2012Nov27 10:51:14,051][INFO ][][porcentaje MailController.java:734][------  Cálculo total de la formula  parte * 100 / total:0.0]
[2012Nov27 10:51:14,753][INFO ][][execute DBReportDelegator.java:142][Delegator DBReportDelegator executado con exito]
[2012Nov27 10:51:14,888][INFO ][][execute DBReportDelegator.java:142][Delegator DBReportDelegator executado con exito]
[2012Nov27 10:51:14,892][INFO ][][porcentaje MailController.java:729][------  Parámetros de entrada al método porcentaje; parte: 20.0; total:101.0]
[2012Nov27 10:51:14,893][INFO ][][porcentaje MailController.java:734][------  Cálculo total de la formula  parte * 100 / total:19.801980198019802]
[2012Nov27 10:51:14,895][INFO ][][porcentaje MailController.java:729][------  Parámetros de entrada al método porcentaje; parte: 20.0; total:101.0]
[2012Nov27 10:51:14,896][INFO ][][porcentaje MailController.java:734][------  Cálculo total de la formula  parte * 100 / total:19.801980198019802]
[2012Nov27 10:51:14,896][INFO ][][porcentaje MailController.java:729][------  Parámetros de entrada al método porcentaje; parte: 20.0; total:20.0]
[2012Nov27 10:51:14,897][INFO ][][porcentaje MailController.java:734][------  Cálculo total de la formula  parte * 100 / total:100.0]
[2012Nov27 10:51:14,898][INFO ][][porcentaje MailController.java:729][------  Parámetros de entrada al método porcentaje; parte: 0.0; total:20.0]
[2012Nov27 10:51:14,899][INFO ][][porcentaje MailController.java:734][------  Cálculo total de la formula  parte * 100 / total:0.0]
[2012Nov27 10:51:14,901][INFO ][][execute MailController.java:225][Correo construido con exito en formato html]
[2012Nov27 10:51:15,644][INFO ][][execute MailController.java:230][Email enviado con exito]
